<?xml version="1.0" encoding="UTF-8"?>
<!-- Generated by org.testng.reporters.JUnitReportReporter -->
<testsuite skipped="0" hostname="DESKTOP-DRS2C16" name="testNG.GroupingExample" tests="1" failures="0" timestamp="29 Apr 2022 10:39:34 GMT" time="0.015" errors="0">
  <testcase name="salary" time="0.015" classname="testNG.GroupingExample"/>
</testsuite> <!-- testNG.GroupingExample -->
