<?xml version="1.0" encoding="UTF-8"?>
<!-- Generated by org.testng.reporters.JUnitReportReporter -->
<testsuite skipped="1" hostname="DESKTOP-DRS2C16" name="testNG.SampleTestCase" tests="3" failures="0" timestamp="29 Apr 2022 05:39:21 GMT" time="0.017" errors="0">
  <testcase name="thirdtestcase" time="0.004" classname="testNG.SampleTestCase"/>
  <testcase name="firsttestcase" time="0.013" classname="testNG.SampleTestCase"/>
  <testcase name="secondtestcase" classname="testNG.SampleTestCase">
    <skipped/>
  </testcase> <!-- secondtestcase -->
</testsuite> <!-- testNG.SampleTestCase -->
