<?xml version="1.0" encoding="UTF-8"?>
<!-- Generated by org.testng.reporters.JUnitReportReporter -->
<testsuite skipped="0" hostname="DESKTOP-DRS2C16" name="testNG.Parallel" tests="2" failures="0" timestamp="29 Apr 2022 10:39:19 GMT" time="66.988" errors="0">
  <testcase name="youtube" time="33.490" classname="testNG.Parallel"/>
  <testcase name="chrome" time="33.498" classname="testNG.Parallel"/>
</testsuite> <!-- testNG.Parallel -->
