<?xml version="1.0" encoding="UTF-8"?>
<!-- Generated by org.testng.reporters.JUnitReportReporter -->
<testsuite skipped="0" hostname="DESKTOP-DRS2C16" name="testNG.Parameter" tests="1" failures="0" timestamp="29 Apr 2022 11:16:38 GMT" time="0.016" errors="0">
  <testcase name="printname" time="0.016" classname="testNG.Parameter"/>
</testsuite> <!-- testNG.Parameter -->
