<?xml version="1.0" encoding="UTF-8"?>
<!-- Generated by org.testng.reporters.JUnitReportReporter -->
<testsuite skipped="0" hostname="DESKTOP-DRS2C16" name="testNG.Assertion" tests="1" failures="0" timestamp="24 Apr 2022 18:49:24 GMT" time="0.016" errors="0">
  <testcase name="check" time="0.016" classname="testNG.Assertion"/>
</testsuite> <!-- testNG.Assertion -->
