<?xml version="1.0" encoding="UTF-8"?>
<!-- Generated by org.testng.reporters.JUnitReportReporter -->
<testsuite skipped="0" hostname="DESKTOP-DRS2C16" name="testNG.SuiteExample" tests="3" failures="0" timestamp="22 Apr 2022 11:01:41 GMT" time="16.799" errors="0">
  <testcase name="OpenYahoo" time="2.140" classname="testNG.SuiteExample"/>
  <testcase name="OpenBing" time="2.932" classname="testNG.SuiteExample"/>
  <testcase name="OpenGoogle" time="11.727" classname="testNG.SuiteExample"/>
</testsuite> <!-- testNG.SuiteExample -->
