<?xml version="1.0" encoding="UTF-8"?>
<!-- Generated by org.testng.reporters.JUnitReportReporter -->
<testsuite skipped="1" hostname="DESKTOP-DRS2C16" name="testNG.CarDriving" tests="4" failures="0" timestamp="29 Apr 2022 06:50:34 GMT" time="0.021" errors="0">
  <testcase name="Startthecar" time="0.015" classname="testNG.CarDriving"/>
  <testcase name="Secondgear" time="0.004" classname="testNG.CarDriving"/>
  <testcase name="thirdcar" time="0.002" classname="testNG.CarDriving"/>
  <testcase name="putfirstgear" classname="testNG.CarDriving">
    <skipped/>
  </testcase> <!-- putfirstgear -->
</testsuite> <!-- testNG.CarDriving -->
