<?xml version="1.0" encoding="UTF-8"?>
<!-- Generated by org.testng.reporters.JUnitReportReporter -->
<testsuite skipped="0" hostname="DESKTOP-DRS2C16" name="testNG.AnnotationHierarchy" tests="3" failures="0" timestamp="22 Apr 2022 17:03:32 GMT" time="0.000" errors="0">
  <testcase name="imac" time="0.000" classname="testNG.AnnotationHierarchy"/>
  <testcase name="apple" time="0.000" classname="testNG.AnnotationHierarchy"/>
  <testcase name="test" time="0.000" classname="testNG.AnnotationHierarchy"/>
</testsuite> <!-- testNG.AnnotationHierarchy -->
