<?xml version="1.0" encoding="UTF-8"?>
<!-- Generated by org.testng.reporters.JUnitReportReporter -->
<testsuite skipped="0" hostname="DESKTOP-DRS2C16" name="testNG.Assertionexample" tests="1" failures="0" timestamp="22 Apr 2022 16:18:59 GMT" time="0.000" errors="0">
  <testcase name="checkEqual" time="0.000" classname="testNG.Assertionexample"/>
</testsuite> <!-- testNG.Assertionexample -->
